# JRE version: OpenJDK Runtime Environment (8.0_242-b01) (build 1.8.0_242-release-1644-b01)
# Java VM: OpenJDK 64-Bit Server VM (25.242-b01 mixed mode windows-amd64 compressed oops)
Heap:
 PSYoungGen      total 198656K, used 95678K [0x00000000d5580000, 0x00000000e7500000, 0x0000000100000000)
  eden space 185856K, 44% used [0x00000000d5580000,0x00000000da6702c0,0x00000000e0b00000)
  from space 12800K, 99% used [0x00000000e0b00000,0x00000000e177f8b8,0x00000000e1780000)
  to   space 16384K, 0% used [0x00000000e6500000,0x00000000e6500000,0x00000000e7500000)
 ParOldGen       total 44544K, used 18881K [0x0000000080000000, 0x0000000082b80000, 0x00000000d5580000)
  object space 44544K, 42% used [0x0000000080000000,0x0000000081270728,0x0000000082b80000)
 Metaspace       used 51042K, capacity 53042K, committed 53336K, reserved 1095680K
  class space    used 6808K, capacity 7205K, committed 7296K, reserved 1048576K
GC Heap History (10 events):
Event: 96.737 GC heap before
{Heap before GC invocations=9 (full 1):
 PSYoungGen      total 132608K, used 4321K [0x00000000d5580000, 0x00000000de080000, 0x0000000100000000)
  eden space 123904K, 0% used [0x00000000d5580000,0x00000000d5580000,0x00000000dce80000)
  from space 8704K, 49% used [0x00000000dd800000,0x00000000ddc38508,0x00000000de080000)
  to   space 9216K, 0% used [0x00000000dce80000,0x00000000dce80000,0x00000000dd780000)
 ParOldGen       total 42496K, used 8158K [0x0000000080000000, 0x0000000082980000, 0x00000000d5580000)
  object space 42496K, 19% used [0x0000000080000000,0x00000000807f7b90,0x0000000082980000)
 Metaspace       used 20547K, capacity 21192K, committed 21248K, reserved 1067008K
  class space    used 2865K, capacity 3044K, committed 3072K, reserved 1048576K
Event: 97.015 GC heap after
Heap after GC invocations=9 (full 1):
 PSYoungGen      total 132608K, used 0K [0x00000000d5580000, 0x00000000de080000, 0x0000000100000000)
  eden space 123904K, 0% used [0x00000000d5580000,0x00000000d5580000,0x00000000dce80000)
  from space 8704K, 0% used [0x00000000dd800000,0x00000000dd800000,0x00000000de080000)
  to   space 9216K, 0% used [0x00000000dce80000,0x00000000dce80000,0x00000000dd780000)
 ParOldGen       total 30720K, used 8991K [0x0000000080000000, 0x0000000081e00000, 0x00000000d5580000)
  object space 30720K, 29% used [0x0000000080000000,0x00000000808c7f60,0x0000000081e00000)
 Metaspace       used 20547K, capacity 21192K, committed 21248K, reserved 1067008K
  class space    used 2865K, capacity 3044K, committed 3072K, reserved 1048576K
}
Event: 118.211 GC heap before
{Heap before GC invocations=10 (full 1):
 PSYoungGen      total 132608K, used 123904K [0x00000000d5580000, 0x00000000de080000, 0x0000000100000000)
  eden space 123904K, 100% used [0x00000000d5580000,0x00000000dce80000,0x00000000dce80000)
  from space 8704K, 0% used [0x00000000dd800000,0x00000000dd800000,0x00000000de080000)
  to   space 9216K, 0% used [0x00000000dce80000,0x00000000dce80000,0x00000000dd780000)
 ParOldGen       total 30720K, used 8991K [0x0000000080000000, 0x0000000081e00000, 0x00000000d5580000)
  object space 30720K, 29% used [0x0000000080000000,0x00000000808c7f60,0x0000000081e00000)
 Metaspace       used 32665K, capacity 33706K, committed 33920K, reserved 1079296K
  class space    used 4443K, capacity 4719K, committed 4736K, reserved 1048576K
Event: 118.260 GC heap after
Heap after GC invocations=10 (full 1):
 PSYoungGen      total 133120K, used 9215K [0x00000000d5580000, 0x00000000e2380000, 0x0000000100000000)
  eden space 123904K, 0% used [0x00000000d5580000,0x00000000d5580000,0x00000000dce80000)
  from space 9216K, 99% used [0x00000000dce80000,0x00000000dd77ffd0,0x00000000dd780000)
  to   space 12288K, 0% used [0x00000000e1780000,0x00000000e1780000,0x00000000e2380000)
 ParOldGen       total 30720K, used 13420K [0x0000000080000000, 0x0000000081e00000, 0x00000000d5580000)
  object space 30720K, 43% used [0x0000000080000000,0x0000000080d1b3c8,0x0000000081e00000)
 Metaspace       used 32665K, capacity 33706K, committed 33920K, reserved 1079296K
  class space    used 4443K, capacity 4719K, committed 4736K, reserved 1048576K
}
Event: 123.948 GC heap before
{Heap before GC invocations=11 (full 1):
 PSYoungGen      total 133120K, used 44181K [0x00000000d5580000, 0x00000000e2380000, 0x0000000100000000)
  eden space 123904K, 28% used [0x00000000d5580000,0x00000000d77a5718,0x00000000dce80000)
  from space 9216K, 99% used [0x00000000dce80000,0x00000000dd77ffd0,0x00000000dd780000)
  to   space 12288K, 0% used [0x00000000e1780000,0x00000000e1780000,0x00000000e2380000)
 ParOldGen       total 30720K, used 13420K [0x0000000080000000, 0x0000000081e00000, 0x00000000d5580000)
  object space 30720K, 43% used [0x0000000080000000,0x0000000080d1b3c8,0x0000000081e00000)
 Metaspace       used 34238K, capacity 35380K, committed 35416K, reserved 1079296K
  class space    used 4705K, capacity 4969K, committed 4992K, reserved 1048576K
Event: 124.076 GC heap after
Heap after GC invocations=11 (full 1):
 PSYoungGen      total 198144K, used 8118K [0x00000000d5580000, 0x00000000e2600000, 0x0000000100000000)
  eden space 185856K, 0% used [0x00000000d5580000,0x00000000d5580000,0x00000000e0b00000)
  from space 12288K, 66% used [0x00000000e1780000,0x00000000e1f6d930,0x00000000e2380000)
  to   space 12800K, 0% used [0x00000000e0b00000,0x00000000e0b00000,0x00000000e1780000)
 ParOldGen       total 30720K, used 13428K [0x0000000080000000, 0x0000000081e00000, 0x00000000d5580000)
  object space 30720K, 43% used [0x0000000080000000,0x0000000080d1d3c8,0x0000000081e00000)
 Metaspace       used 34238K, capacity 35380K, committed 35416K, reserved 1079296K
  class space    used 4705K, capacity 4969K, committed 4992K, reserved 1048576K
}
Event: 124.076 GC heap before
{Heap before GC invocations=12 (full 2):
 PSYoungGen      total 198144K, used 8118K [0x00000000d5580000, 0x00000000e2600000, 0x0000000100000000)
  eden space 185856K, 0% used [0x00000000d5580000,0x00000000d5580000,0x00000000e0b00000)
  from space 12288K, 66% used [0x00000000e1780000,0x00000000e1f6d930,0x00000000e2380000)
  to   space 12800K, 0% used [0x00000000e0b00000,0x00000000e0b00000,0x00000000e1780000)
 ParOldGen       total 30720K, used 13428K [0x0000000080000000, 0x0000000081e00000, 0x00000000d5580000)
  object space 30720K, 43% used [0x0000000080000000,0x0000000080d1d3c8,0x0000000081e00000)
 Metaspace       used 34238K, capacity 35380K, committed 35416K, reserved 1079296K
  class space    used 4705K, capacity 4969K, committed 4992K, reserved 1048576K
Event: 124.541 GC heap after
Heap after GC invocations=12 (full 2):
 PSYoungGen      total 198144K, used 0K [0x00000000d5580000, 0x00000000e2600000, 0x0000000100000000)
  eden space 185856K, 0% used [0x00000000d5580000,0x00000000d5580000,0x00000000e0b00000)
  from space 12288K, 0% used [0x00000000e1780000,0x00000000e1780000,0x00000000e2380000)
  to   space 12800K, 0% used [0x00000000e0b00000,0x00000000e0b00000,0x00000000e1780000)
 ParOldGen       total 44544K, used 14480K [0x0000000080000000, 0x0000000082b80000, 0x00000000d5580000)
  object space 44544K, 32% used [0x0000000080000000,0x0000000080e24028,0x0000000082b80000)
 Metaspace       used 34238K, capacity 35380K, committed 35416K, reserved 1079296K
  class space    used 4705K, capacity 4969K, committed 4992K, reserved 1048576K
}
Event: 182.638 GC heap before
{Heap before GC invocations=13 (full 2):
 PSYoungGen      total 198144K, used 185856K [0x00000000d5580000, 0x00000000e2600000, 0x0000000100000000)
  eden space 185856K, 100% used [0x00000000d5580000,0x00000000e0b00000,0x00000000e0b00000)
  from space 12288K, 0% used [0x00000000e1780000,0x00000000e1780000,0x00000000e2380000)
  to   space 12800K, 0% used [0x00000000e0b00000,0x00000000e0b00000,0x00000000e1780000)
 ParOldGen       total 44544K, used 14480K [0x0000000080000000, 0x0000000082b80000, 0x00000000d5580000)
  object space 44544K, 32% used [0x0000000080000000,0x0000000080e24028,0x0000000082b80000)
 Metaspace       used 45542K, capacity 47274K, committed 47448K, reserved 1089536K
  class space    used 6141K, capacity 6503K, committed 6528K, reserved 1048576K
Event: 184.677 GC heap after
Heap after GC invocations=13 (full 2):
 PSYoungGen      total 198656K, used 12798K [0x00000000d5580000, 0x00000000e7500000, 0x0000000100000000)
  eden space 185856K, 0% used [0x00000000d5580000,0x00000000d5580000,0x00000000e0b00000)
  from space 12800K, 99% used [0x00000000e0b00000,0x00000000e177f8b8,0x00000000e1780000)
  to   space 16384K, 0% used [0x00000000e6500000,0x00000000e6500000,0x00000000e7500000)
 ParOldGen       total 44544K, used 18881K [0x0000000080000000, 0x0000000082b80000, 0x00000000d5580000)
  object space 44544K, 42% used [0x0000000080000000,0x0000000081270728,0x0000000082b80000)
 Metaspace       used 45542K, capacity 47274K, committed 47448K, reserved 1089536K
  class space    used 6141K, capacity 6503K, committed 6528K, reserved 1048576K
}

